# Audit History Log

Chronological record of all documentation audits for the agent-window project.

## Recent Audits

### 2026-03-01 04:04:28 — Queue & Session Status Refactor
- **File:** `audit-history/audit-20260301-040428-79a7b49.md`
- **Status:** PASS (with documentation updates required)
- **Changes:** 23 files, 348 insertions(+), 159 deletions(-)
- **Key updates:**
  - Pending message queue: `pendingMessage` → `pendingMessages[]`
  - New "completed" session status
  - Session browser prop: `session: ParsedSession` → `sessionId: string | null`
  - Initial content optimization in create-session response
  - Progressive status reads (4KB chunking) in getSessionStatus()
  - New turnCountCache module
  - Enhanced slash suggestions (BUILTIN_PUBLISHERS)
  - Agent metadata enrichment in panels
- **Tests:** 1029/1029 passing
- **Risk:** LOW
- **Doc updates needed:** README_ARCHITECTURE.md (3 sections), README.md, ARCHITECTURE.md, QUICK_REFERENCE.md

### 2026-02-25 20:43:00 — Agent Labels & Project CWD Fix
- **File:** `audit-history/audit-20260225-204249-4832e0b.md`
- **Status:** PASS
- **Key updates:**
  - Human-readable agent labels (name + type) in timeline panels
  - SubAgentMessage: added agentName and subagentType fields
  - Parser extracts Task tool metadata
  - New agent-utils.ts utilities
  - ProjectSwitcherModal keyboard shortcut uses real CWD
- **Tests:** 1029/1029 passing
- **Risk:** LOW
- **Doc updates:** ARCHITECTURE.md and AGENT_INTEGRATION.md updated

